<?xml version='1.0' encoding='UTF-8'?>
<testsuite hostname="RJonM" name="ClassesAndInheritanceDSLTest" tests="20" errors="0" failures="0" skipped="0" time="0.118" timestamp="2022-03-25T22:45:28">
          <properties>
      <property name="jline.esc.timeout" value="0"/><property name="java.runtime.name" value="Java(TM) SE Runtime Environment"/><property name="sun.boot.library.path" value="C:\Program Files\Java\jdk1.8.0_301\jre\bin"/><property name="java.vm.version" value="25.301-b09"/><property name="java.vm.vendor" value="Oracle Corporation"/><property name="java.vendor.url" value="http://java.oracle.com/"/><property name="path.separator" value=";"/><property name="jna.loaded" value="true"/><property name="java.vm.name" value="Java HotSpot(TM) 64-Bit Server VM"/><property name="file.encoding.pkg" value="sun.io"/><property name="user.country" value="IN"/><property name="user.script" value=""/><property name="sun.java.launcher" value="SUN_STANDARD"/><property name="sun.os.patch.level" value=""/><property name="jna.nosys" value="true"/><property name="java.vm.specification.name" value="Java Virtual Machine Specification"/><property name="user.dir" value="F:\UIC Study\CS 474 - OOLE\Code trials Projects\CS474Homework1"/><property name="java.runtime.version" value="1.8.0_301-b09"/><property name="java.awt.graphicsenv" value="sun.awt.Win32GraphicsEnvironment"/><property name="java.endorsed.dirs" value="C:\Program Files\Java\jdk1.8.0_301\jre\lib\endorsed"/><property name="os.arch" value="amd64"/><property name="java.io.tmpdir" value="C:\Users\RAJAT~1.LAP\AppData\Local\Temp\"/><property name="line.separator" value="
"/><property name="java.vm.specification.vendor" value="Oracle Corporation"/><property name="log4j.ignoreTCL" value="true"/><property name="user.variant" value=""/><property name="os.name" value="Windows 10"/><property name="sun.jnu.encoding" value="Cp1252"/><property name="jnidispatch.path" value="C:\Users\RAJAT~1.LAP\AppData\Local\Temp\jna--1854540686\jna3590238554831212423.dll"/><property name="java.library.path" value="C:\Program Files\Java\jdk1.8.0_301\bin;C:\WINDOWS\Sun\Java\bin;C:\WINDOWS\system32;C:\WINDOWS;C:\Program Files\Java\jdk1.8.0_301\bin;C:\Program Files\Common Files\Oracle\Java\javapath;C:\Program Files (x86)\Common Files\Oracle\Java\javapath;C:\Program Files (x86)\Intel\iCLS Client\;C:\Program Files\Intel\iCLS Client\;C:\windows\system32;C:\windows;C:\windows\System32\Wbem;C:\windows\System32\WindowsPowerShell\v1.0\;C:\Program Files (x86)\Intel\Intel(R) Management Engine Components\DAL;C:\Program Files\Intel\Intel(R) Management Engine Components\DAL;C:\Program Files (x86)\Intel\Intel(R) Management Engine Components\IPT;C:\Program Files\Intel\Intel(R) Management Engine Components\IPT;C:\Program Files (x86)\NVIDIA Corporation\PhysX\Common;C:\WINDOWS\system32;C:\WINDOWS;C:\WINDOWS\System32\Wbem;C:\WINDOWS\System32\WindowsPowerShell\v1.0\;C:\WINDOWS\System32\OpenSSH\;C:\Program Files\Git\cmd;C:\Program Files\nodejs\;C:\Python27;C:\Users\Rajat .LAPTOP-DNL00KK8\AppData\Local\Programs\mongosh;C:\Program Files (x86)\sbt\bin;C:\Users\Rajat .LAPTOP-DNL00KK8\AppData\Local\Programs\Python\Python39\Scripts\;C:\Users\Rajat .LAPTOP-DNL00KK8\AppData\Local\Programs\Python\Python39\;C:\Users\Rajat .LAPTOP-DNL00KK8\AppData\Local\Microsoft\WindowsApps;C:\Users\Rajat .LAPTOP-DNL00KK8\AppData\Local\Programs\Microsoft VS Code\bin;C:\Users\Rajat .LAPTOP-DNL00KK8\AppData\Local\Microsoft\WindowsApps;C:\Program Files\Java\jdk-11.0.12\bin;C:\Users\Rajat .LAPTOP-DNL00KK8\AppData\Roaming\npm;C:\Users\Rajat .LAPTOP-DNL00KK8\gradle-7.2;C:\Users\Rajat .LAPTOP-DNL00KK8\AppData\Local\Android\Sdk\platform-tools;C:\Program Files\Java\jdk1.8.0_301\bin;C:\Users\Rajat .LAPTOP-DNL00KK8\AppData\Local\Programs\mongosh\;C:\MinGW\bin;;."/><property name="java.specification.name" value="Java Platform API Specification"/><property name="java.class.version" value="52.0"/><property name="sun.management.compiler" value="HotSpot 64-Bit Tiered Compilers"/><property name="os.version" value="10.0"/><property name="swoval.tmpdir" value="C:\Users\Rajat .LAPTOP-DNL00KK8\.sbt\1.0"/><property name="user.home" value="C:\Users\Rajat .LAPTOP-DNL00KK8"/><property name="user.timezone" value="America/Chicago"/><property name="java.awt.printerjob" value="sun.awt.windows.WPrinterJob"/><property name="file.encoding" value="UTF-8"/><property name="java.specification.version" value="1.8"/><property name="java.class.path" value="C:\Program Files (x86)\sbt\\bin\sbt-launch.jar"/><property name="user.name" value="Rajat "/><property name="jline.shutdownhook" value="false"/><property name="java.vm.specification.version" value="1.8"/><property name="sun.java.command" value="xsbt.boot.Boot clean compile test"/><property name="java.home" value="C:\Program Files\Java\jdk1.8.0_301\jre"/><property name="sun.arch.data.model" value="64"/><property name="user.language" value="en"/><property name="java.specification.vendor" value="Oracle Corporation"/><property name="awt.toolkit" value="sun.awt.windows.WToolkit"/><property name="java.vm.info" value="mixed mode"/><property name="java.version" value="1.8.0_301"/><property name="java.ext.dirs" value="C:\Program Files\Java\jdk1.8.0_301\jre\lib\ext;C:\WINDOWS\Sun\Java\lib\ext"/><property name="sun.boot.class.path" value="C:\Program Files\Java\jdk1.8.0_301\jre\lib\resources.jar;C:\Program Files\Java\jdk1.8.0_301\jre\lib\rt.jar;C:\Program Files\Java\jdk1.8.0_301\jre\lib\sunrsasign.jar;C:\Program Files\Java\jdk1.8.0_301\jre\lib\jsse.jar;C:\Program Files\Java\jdk1.8.0_301\jre\lib\jce.jar;C:\Program Files\Java\jdk1.8.0_301\jre\lib\charsets.jar;C:\Program Files\Java\jdk1.8.0_301\jre\lib\jfr.jar;C:\Program Files\Java\jdk1.8.0_301\jre\classes"/><property name="java.vendor" value="Oracle Corporation"/><property name="sun.stderr.encoding" value="cp437"/><property name="file.separator" value="\"/><property name="java.vendor.url.bug" value="http://bugreport.sun.com/bugreport/"/><property name="sun.io.unicode.encoding" value="UnicodeLittle"/><property name="sun.cpu.endian" value="little"/><property name="sun.stdout.encoding" value="cp437"/><property name="sun.desktop" value="windows"/><property name="sun.cpu.isalist" value="amd64"/>
    </properties>
          <testcase classname="ClassesAndInheritanceDSLTest" name="Testing Classes, Objects and Inheritance in DSL SetTheory Class Definition, fields, and methods Should Define a class and create an object from it" time="0.088">
                      
                    </testcase><testcase classname="ClassesAndInheritanceDSLTest" name="Testing Classes, Objects and Inheritance in DSL SetTheory Class Definition, fields, and methods Should Invoke one public method of an object" time="0.006">
                      
                    </testcase><testcase classname="ClassesAndInheritanceDSLTest" name="Testing Classes, Objects and Inheritance in DSL SetTheory Class Definition, fields, and methods Should change a public of an object" time="0.002">
                      
                    </testcase><testcase classname="ClassesAndInheritanceDSLTest" name="Testing Classes, Objects and Inheritance in DSL SetTheory Class Definition, fields, and methods Should invoke another one method from another one" time="0.001">
                      
                    </testcase><testcase classname="ClassesAndInheritanceDSLTest" name="Testing Classes, Objects and Inheritance in DSL SetTheory Class Definition, fields, and methods Should throw an error when trying to access a protected field" time="0.001">
                      
                    </testcase><testcase classname="ClassesAndInheritanceDSLTest" name="Testing Classes, Objects and Inheritance in DSL SetTheory Class Definition, fields, and methods Should throw an error when trying to access a private field" time="0.001">
                      
                    </testcase><testcase classname="ClassesAndInheritanceDSLTest" name="Testing Classes, Objects and Inheritance in DSL SetTheory Class Definition, fields, and methods Should throw an error when trying to access a default field" time="0.001">
                      
                    </testcase><testcase classname="ClassesAndInheritanceDSLTest" name="Testing Classes, Objects and Inheritance in DSL SetTheory Class Definition, fields, and methods Should create another class by extending other - inheriting its accessible fields" time="0.004">
                      
                    </testcase><testcase classname="ClassesAndInheritanceDSLTest" name="Testing Classes, Objects and Inheritance in DSL SetTheory Class Definition, fields, and methods should prove that public fields are also inherited" time="0.001">
                      
                    </testcase><testcase classname="ClassesAndInheritanceDSLTest" name="Testing Classes, Objects and Inheritance in DSL SetTheory Class Definition, fields, and methods should prove that protected fields are also inherited" time="0.002">
                      
                    </testcase><testcase classname="ClassesAndInheritanceDSLTest" name="Testing Classes, Objects and Inheritance in DSL SetTheory Class Definition, fields, and methods should throw an error if superClass's private field is accessed - as private fields are not inherited" time="0.001">
                      
                    </testcase><testcase classname="ClassesAndInheritanceDSLTest" name="Testing Classes, Objects and Inheritance in DSL SetTheory Class Definition, fields, and methods should throw an error if superClass's default field is accessed - as default fields are not inherited" time="0.001">
                      
                    </testcase><testcase classname="ClassesAndInheritanceDSLTest" name="Testing Classes, Objects and Inheritance in DSL SetTheory Class Definition, fields, and methods should inherit public methods of its parent class and invoke those methods if not overridden in child class's body" time="0.001">
                      
                    </testcase><testcase classname="ClassesAndInheritanceDSLTest" name="Testing Classes, Objects and Inheritance in DSL SetTheory Class Definition, fields, and methods should perform dynamic dispatch of method from super class's method" time="0.0">
                      
                    </testcase><testcase classname="ClassesAndInheritanceDSLTest" name="Testing Classes, Objects and Inheritance in DSL SetTheory Class Definition, fields, and methods should also inherit protected methods of its parent class" time="0.0">
                      
                    </testcase><testcase classname="ClassesAndInheritanceDSLTest" name="Testing Classes, Objects and Inheritance in DSL SetTheory Class Definition, fields, and methods should throw error if try to access private methods of its parent" time="0.001">
                      
                    </testcase><testcase classname="ClassesAndInheritanceDSLTest" name="Testing Classes, Objects and Inheritance in DSL SetTheory Class Definition, fields, and methods should throw error if try to access default methods of its parent" time="0.001">
                      
                    </testcase><testcase classname="ClassesAndInheritanceDSLTest" name="Testing Classes, Objects and Inheritance in DSL SetTheory Class Definition, fields, and methods should throw error if try to directly invoke its or its parent's protected methods" time="0.001">
                      
                    </testcase><testcase classname="ClassesAndInheritanceDSLTest" name="Testing Classes, Objects and Inheritance in DSL SetTheory Class Definition, fields, and methods should create an inner class and access it using enclosing class to create object" time="0.003">
                      
                    </testcase><testcase classname="ClassesAndInheritanceDSLTest" name="Testing Classes, Objects and Inheritance in DSL SetTheory Class Definition, fields, and methods should create an inner class and access it using enclosing class's instance" time="0.002">
                      
                    </testcase>
          <system-out><![CDATA[]]></system-out>
          <system-err><![CDATA[]]></system-err>
        </testsuite>