<?xml version='1.0' encoding='UTF-8'?>
<testsuite hostname="RJonM" name="InterfaceAndAbstractClassDSLTest" tests="21" errors="0" failures="0" skipped="0" time="0.141" timestamp="2022-04-10T21:07:50">
          <properties>
      <property name="jline.esc.timeout" value="0"/><property name="java.runtime.name" value="Java(TM) SE Runtime Environment"/><property name="sun.boot.library.path" value="C:\Program Files\Java\jdk1.8.0_301\jre\bin"/><property name="java.vm.version" value="25.301-b09"/><property name="java.vm.vendor" value="Oracle Corporation"/><property name="java.vendor.url" value="http://java.oracle.com/"/><property name="path.separator" value=";"/><property name="jna.loaded" value="true"/><property name="java.vm.name" value="Java HotSpot(TM) 64-Bit Server VM"/><property name="file.encoding.pkg" value="sun.io"/><property name="user.country" value="IN"/><property name="user.script" value=""/><property name="sun.java.launcher" value="SUN_STANDARD"/><property name="sun.os.patch.level" value=""/><property name="jna.nosys" value="true"/><property name="java.vm.specification.name" value="Java Virtual Machine Specification"/><property name="user.dir" value="F:\UIC Study\CS 474 - OOLE\Code trials Projects\CS474Homework1"/><property name="java.runtime.version" value="1.8.0_301-b09"/><property name="java.awt.graphicsenv" value="sun.awt.Win32GraphicsEnvironment"/><property name="java.endorsed.dirs" value="C:\Program Files\Java\jdk1.8.0_301\jre\lib\endorsed"/><property name="os.arch" value="amd64"/><property name="java.io.tmpdir" value="C:\Users\RAJAT~1.LAP\AppData\Local\Temp\"/><property name="line.separator" value="
"/><property name="java.vm.specification.vendor" value="Oracle Corporation"/><property name="log4j.ignoreTCL" value="true"/><property name="user.variant" value=""/><property name="os.name" value="Windows 10"/><property name="sun.jnu.encoding" value="Cp1252"/><property name="jnidispatch.path" value="C:\Users\RAJAT~1.LAP\AppData\Local\Temp\jna--1854540686\jna5097586438224748674.dll"/><property name="java.library.path" value="C:\Program Files\Java\jdk1.8.0_301\bin;C:\WINDOWS\Sun\Java\bin;C:\WINDOWS\system32;C:\WINDOWS;C:\Program Files\Java\jdk1.8.0_301\bin;C:\Program Files\Common Files\Oracle\Java\javapath;C:\Program Files (x86)\Common Files\Oracle\Java\javapath;C:\Program Files (x86)\Intel\iCLS Client\;C:\Program Files\Intel\iCLS Client\;C:\windows\system32;C:\windows;C:\windows\System32\Wbem;C:\windows\System32\WindowsPowerShell\v1.0\;C:\Program Files (x86)\Intel\Intel(R) Management Engine Components\DAL;C:\Program Files\Intel\Intel(R) Management Engine Components\DAL;C:\Program Files (x86)\Intel\Intel(R) Management Engine Components\IPT;C:\Program Files\Intel\Intel(R) Management Engine Components\IPT;C:\Program Files (x86)\NVIDIA Corporation\PhysX\Common;C:\WINDOWS\system32;C:\WINDOWS;C:\WINDOWS\System32\Wbem;C:\WINDOWS\System32\WindowsPowerShell\v1.0\;C:\WINDOWS\System32\OpenSSH\;C:\Program Files\Git\cmd;C:\Program Files\nodejs\;C:\Python27;C:\Users\Rajat .LAPTOP-DNL00KK8\AppData\Local\Programs\mongosh;C:\Program Files (x86)\sbt\bin;C:\Users\Rajat .LAPTOP-DNL00KK8\AppData\Local\Programs\Python\Python39\Scripts\;C:\Users\Rajat .LAPTOP-DNL00KK8\AppData\Local\Programs\Python\Python39\;C:\Users\Rajat .LAPTOP-DNL00KK8\AppData\Local\Microsoft\WindowsApps;C:\Users\Rajat .LAPTOP-DNL00KK8\AppData\Local\Programs\Microsoft VS Code\bin;C:\Users\Rajat .LAPTOP-DNL00KK8\AppData\Local\Microsoft\WindowsApps;C:\Program Files\Java\jdk-11.0.12\bin;C:\Users\Rajat .LAPTOP-DNL00KK8\AppData\Roaming\npm;C:\Users\Rajat .LAPTOP-DNL00KK8\gradle-7.2;C:\Users\Rajat .LAPTOP-DNL00KK8\AppData\Local\Android\Sdk\platform-tools;C:\Program Files\Java\jdk1.8.0_301\bin;C:\Users\Rajat .LAPTOP-DNL00KK8\AppData\Local\Programs\mongosh\;C:\MinGW\bin;;."/><property name="java.specification.name" value="Java Platform API Specification"/><property name="java.class.version" value="52.0"/><property name="sun.management.compiler" value="HotSpot 64-Bit Tiered Compilers"/><property name="os.version" value="10.0"/><property name="swoval.tmpdir" value="C:\Users\Rajat .LAPTOP-DNL00KK8\.sbt\1.0"/><property name="user.home" value="C:\Users\Rajat .LAPTOP-DNL00KK8"/><property name="user.timezone" value="America/Chicago"/><property name="java.awt.printerjob" value="sun.awt.windows.WPrinterJob"/><property name="file.encoding" value="UTF-8"/><property name="java.specification.version" value="1.8"/><property name="java.class.path" value="C:\Program Files (x86)\sbt\\bin\sbt-launch.jar"/><property name="user.name" value="Rajat "/><property name="jline.shutdownhook" value="false"/><property name="java.vm.specification.version" value="1.8"/><property name="sun.java.command" value="xsbt.boot.Boot clean compile test"/><property name="java.home" value="C:\Program Files\Java\jdk1.8.0_301\jre"/><property name="sun.arch.data.model" value="64"/><property name="user.language" value="en"/><property name="java.specification.vendor" value="Oracle Corporation"/><property name="awt.toolkit" value="sun.awt.windows.WToolkit"/><property name="java.vm.info" value="mixed mode"/><property name="java.version" value="1.8.0_301"/><property name="java.ext.dirs" value="C:\Program Files\Java\jdk1.8.0_301\jre\lib\ext;C:\WINDOWS\Sun\Java\lib\ext"/><property name="sun.boot.class.path" value="C:\Program Files\Java\jdk1.8.0_301\jre\lib\resources.jar;C:\Program Files\Java\jdk1.8.0_301\jre\lib\rt.jar;C:\Program Files\Java\jdk1.8.0_301\jre\lib\sunrsasign.jar;C:\Program Files\Java\jdk1.8.0_301\jre\lib\jsse.jar;C:\Program Files\Java\jdk1.8.0_301\jre\lib\jce.jar;C:\Program Files\Java\jdk1.8.0_301\jre\lib\charsets.jar;C:\Program Files\Java\jdk1.8.0_301\jre\lib\jfr.jar;C:\Program Files\Java\jdk1.8.0_301\jre\classes"/><property name="java.vendor" value="Oracle Corporation"/><property name="sun.stderr.encoding" value="cp437"/><property name="file.separator" value="\"/><property name="java.vendor.url.bug" value="http://bugreport.sun.com/bugreport/"/><property name="sun.io.unicode.encoding" value="UnicodeLittle"/><property name="sun.cpu.endian" value="little"/><property name="sun.stdout.encoding" value="cp437"/><property name="sun.desktop" value="windows"/><property name="sun.cpu.isalist" value="amd64"/>
    </properties>
          <testcase classname="InterfaceAndAbstractClassDSLTest" name="Testing Interfaces and Abstract Classes in DSL SetTheory Interface declaration, implementation and inheritance should throw an Exception if one interface tries to implement another interface" time="0.098">
                      
                    </testcase><testcase classname="InterfaceAndAbstractClassDSLTest" name="Testing Interfaces and Abstract Classes in DSL SetTheory Interface declaration, implementation and inheritance should throw an Exception if an attempt to declare an interface with the name of an existing interface in the same scope" time="0.001">
                      
                    </testcase><testcase classname="InterfaceAndAbstractClassDSLTest" name="Testing Interfaces and Abstract Classes in DSL SetTheory Interface declaration, implementation and inheritance should throw an Exception if one interface extends an another interface and tries to create a method with same name which is already declared in super interface" time="0.001">
                      
                    </testcase><testcase classname="InterfaceAndAbstractClassDSLTest" name="Testing Interfaces and Abstract Classes in DSL SetTheory Interface declaration, implementation and inheritance should throw an Exception if 'Extends' expression is present more than once in interface body" time="0.001">
                      
                    </testcase><testcase classname="InterfaceAndAbstractClassDSLTest" name="Testing Interfaces and Abstract Classes in DSL SetTheory Classes, Abstract Classes, Interfaces and their relations including implementation and inheritance should throw an Exception if a non-abstract class tries to implement an interface but does not provide any implementation for interface methods" time="0.004">
                      
                    </testcase><testcase classname="InterfaceAndAbstractClassDSLTest" name="Testing Interfaces and Abstract Classes in DSL SetTheory Classes, Abstract Classes, Interfaces and their relations including implementation and inheritance should throw an Exception if an abstract class is declared without any abstract method" time="0.002">
                      
                    </testcase><testcase classname="InterfaceAndAbstractClassDSLTest" name="Testing Interfaces and Abstract Classes in DSL SetTheory Classes, Abstract Classes, Interfaces and their relations including implementation and inheritance should throw an Exception if 'Implements' expression comes more than once in a class declaration" time="0.003">
                      
                    </testcase><testcase classname="InterfaceAndAbstractClassDSLTest" name="Testing Interfaces and Abstract Classes in DSL SetTheory Classes, Abstract Classes, Interfaces and their relations including implementation and inheritance should throw an Exception if same interface is implemented more than once in one expression" time="0.002">
                      
                    </testcase><testcase classname="InterfaceAndAbstractClassDSLTest" name="Testing Interfaces and Abstract Classes in DSL SetTheory Classes, Abstract Classes, Interfaces and their relations including implementation and inheritance should throw an Exception if non-abstract class declares an abstract method" time="0.001">
                      
                    </testcase><testcase classname="InterfaceAndAbstractClassDSLTest" name="Testing Interfaces and Abstract Classes in DSL SetTheory Classes, Abstract Classes, Interfaces and their relations including implementation and inheritance should implement an interface and provide behavior for the abstract method" time="0.004">
                      
                    </testcase><testcase classname="InterfaceAndAbstractClassDSLTest" name="Testing Interfaces and Abstract Classes in DSL SetTheory Classes, Abstract Classes, Interfaces and their relations including implementation and inheritance should invoke a default method of an interface" time="0.003">
                      
                    </testcase><testcase classname="InterfaceAndAbstractClassDSLTest" name="Testing Interfaces and Abstract Classes in DSL SetTheory Classes, Abstract Classes, Interfaces and their relations including implementation and inheritance should invoke a default method from an abstract method of an interface which is implemented by the class" time="0.002">
                      
                    </testcase><testcase classname="InterfaceAndAbstractClassDSLTest" name="Testing Interfaces and Abstract Classes in DSL SetTheory Classes, Abstract Classes, Interfaces and their relations including implementation and inheritance should undergo class and interface composition, where a field of interface are inherited by an abstract class and then by concrete class, also implmenting the super interfaces" time="0.003">
                      
                    </testcase><testcase classname="InterfaceAndAbstractClassDSLTest" name="Testing Interfaces and Abstract Classes in DSL SetTheory Classes, Abstract Classes, Interfaces and their relations including implementation and inheritance should throw an Exception if any interface tries to extend itself" time="0.002">
                      
                    </testcase><testcase classname="InterfaceAndAbstractClassDSLTest" name="Testing Interfaces and Abstract Classes in DSL SetTheory Classes, Abstract Classes, Interfaces and their relations including implementation and inheritance should throw an Exception if any abstract class tries to extend itself" time="0.001">
                      
                    </testcase><testcase classname="InterfaceAndAbstractClassDSLTest" name="Testing Interfaces and Abstract Classes in DSL SetTheory Classes, Abstract Classes, Interfaces and their relations including implementation and inheritance should throw an Exception if any concrete class tries to extend itself" time="0.001">
                      
                    </testcase><testcase classname="InterfaceAndAbstractClassDSLTest" name="Testing Interfaces and Abstract Classes in DSL SetTheory Classes, Abstract Classes, Interfaces and their relations including implementation and inheritance should not inherit any private access method of an interface" time="0.002">
                      
                    </testcase><testcase classname="InterfaceAndAbstractClassDSLTest" name="Testing Interfaces and Abstract Classes in DSL SetTheory Classes, Abstract Classes, Interfaces and their relations including implementation and inheritance should not inherit any default access method of an interface" time="0.002">
                      
                    </testcase><testcase classname="InterfaceAndAbstractClassDSLTest" name="Testing Interfaces and Abstract Classes in DSL SetTheory Member classes and Interface Access should only implement an inner interface of another interface" time="0.004">
                      
                    </testcase><testcase classname="InterfaceAndAbstractClassDSLTest" name="Testing Interfaces and Abstract Classes in DSL SetTheory Member classes and Interface Access should only implement an inner interface of another class" time="0.002">
                      
                    </testcase><testcase classname="InterfaceAndAbstractClassDSLTest" name="Testing Interfaces and Abstract Classes in DSL SetTheory Member classes and Interface Access should only implement an inner interface of another object" time="0.002">
                      
                    </testcase>
          <system-out><![CDATA[]]></system-out>
          <system-err><![CDATA[]]></system-err>
        </testsuite>